2023-07-10 18:12:40,792 [Worker-6: Loading available Gradle versions] INFO  o.e.b.c.i.u.g.PublishedGradleVersions - Gradle version information cache is up-to-date. Trying to read.
2023-07-10 18:13:29,638 [Worker-15: Building] INFO  o.e.m.c.i.l.LifecycleMappingFactory - Using org.eclipse.m2e.jdt.JarLifecycleMapping lifecycle mapping for MavenProject: com.Bank:Bank:0.0.1-SNAPSHOT @ C:\Users\NTS-Megha Hirmukhe\Desktop\SPRING-BOOT\Bank\pom.xml.
2023-07-10 18:13:32,417 [Worker-15: Building] INFO  o.a.m.s.f.DefaultMavenResourcesFiltering - Copying 1 resource from src\main\resources to target\classes
2023-07-10 18:13:32,488 [Worker-15: Building] INFO  o.a.m.s.f.DefaultMavenResourcesFiltering - Copying 0 resource from src\main\resources to target\classes
2023-07-10 18:13:32,498 [Worker-15: Building] INFO  o.a.m.s.f.DefaultMavenResourcesFiltering - skip non existing resourceDirectory C:\Users\NTS-Megha Hirmukhe\Desktop\SPRING-BOOT\Bank\src\test\resources
2023-07-10 18:13:34,146 [Worker-25: Building] INFO  o.e.m.c.i.l.LifecycleMappingFactory - Using org.eclipse.m2e.jdt.JarLifecycleMapping lifecycle mapping for MavenProject: com.DB_Security-1:DB_Security-1:0.0.1-SNAPSHOT @ C:\Users\NTS-Megha Hirmukhe\Desktop\SPRING-BOOT\DB_Security-1\pom.xml.
2023-07-10 18:13:35,593 [Worker-25: Building] INFO  o.a.m.s.f.DefaultMavenResourcesFiltering - Copying 1 resource from src\main\resources to target\classes
2023-07-10 18:13:35,627 [Worker-25: Building] INFO  o.a.m.s.f.DefaultMavenResourcesFiltering - Copying 0 resource from src\main\resources to target\classes
2023-07-10 18:13:35,635 [Worker-25: Building] INFO  o.a.m.s.f.DefaultMavenResourcesFiltering - skip non existing resourceDirectory C:\Users\NTS-Megha Hirmukhe\Desktop\SPRING-BOOT\DB_Security-1\src\test\resources
2023-07-10 18:13:37,367 [Worker-1: Building] INFO  o.e.m.c.i.l.LifecycleMappingFactory - Using org.eclipse.m2e.jdt.JarLifecycleMapping lifecycle mapping for MavenProject: com.DB_Security-3:DB_Security-3:0.0.1-SNAPSHOT @ C:\Users\NTS-Megha Hirmukhe\Desktop\SPRING-BOOT\DB_Security-3\pom.xml.
2023-07-10 18:13:38,529 [Worker-1: Building] INFO  o.a.m.s.f.DefaultMavenResourcesFiltering - Copying 1 resource from src\main\resources to target\classes
2023-07-10 18:13:38,569 [Worker-1: Building] INFO  o.a.m.s.f.DefaultMavenResourcesFiltering - Copying 0 resource from src\main\resources to target\classes
2023-07-10 18:13:38,577 [Worker-1: Building] INFO  o.a.m.s.f.DefaultMavenResourcesFiltering - skip non existing resourceDirectory C:\Users\NTS-Megha Hirmukhe\Desktop\SPRING-BOOT\DB_Security-3\src\test\resources
2023-07-10 18:13:41,355 [Worker-1: Building] INFO  o.e.m.c.i.l.LifecycleMappingFactory - Using org.eclipse.m2e.jdt.JarLifecycleMapping lifecycle mapping for MavenProject: com.DB_security:DB_security:0.0.1-SNAPSHOT @ C:\Users\NTS-Megha Hirmukhe\Desktop\SPRING-BOOT\DB_security\pom.xml.
2023-07-10 18:13:44,832 [Worker-1: Building] INFO  o.e.m.c.i.embedder.EclipseLogger - Using 'UTF-8' encoding to copy filtered resources.
2023-07-10 18:13:44,832 [Worker-1: Building] INFO  o.e.m.c.i.embedder.EclipseLogger - Using 'UTF-8' encoding to copy filtered properties files.
2023-07-10 18:13:44,832 [Worker-1: Building] INFO  o.e.m.c.i.embedder.EclipseLogger - Copying 1 resource
2023-07-10 18:13:44,853 [Worker-1: Building] INFO  o.e.m.c.i.embedder.EclipseLogger - Copying 0 resource
2023-07-10 18:13:44,860 [Worker-1: Building] INFO  o.e.m.c.i.embedder.EclipseLogger - Using 'UTF-8' encoding to copy filtered resources.
2023-07-10 18:13:44,861 [Worker-1: Building] INFO  o.e.m.c.i.embedder.EclipseLogger - Using 'UTF-8' encoding to copy filtered properties files.
2023-07-10 18:13:44,861 [Worker-1: Building] INFO  o.e.m.c.i.embedder.EclipseLogger - skip non existing resourceDirectory C:\Users\NTS-Megha Hirmukhe\Desktop\SPRING-BOOT\DB_security\src\test\resources
2023-07-10 18:13:46,611 [Worker-17: Building] INFO  o.e.m.c.i.l.LifecycleMappingFactory - Using org.eclipse.m2e.jdt.JarLifecycleMapping lifecycle mapping for MavenProject: com.bankProject:bankProject:0.0.1-SNAPSHOT @ C:\Users\NTS-Megha Hirmukhe\Desktop\SPRING-BOOT\bankProject\pom.xml.
2023-07-10 18:13:48,137 [Worker-17: Building] INFO  o.a.m.s.f.DefaultMavenResourcesFiltering - Copying 1 resource from src\main\resources to target\classes
2023-07-10 18:13:48,183 [Worker-17: Building] INFO  o.a.m.s.f.DefaultMavenResourcesFiltering - Copying 0 resource from src\main\resources to target\classes
2023-07-10 18:13:48,195 [Worker-17: Building] INFO  o.a.m.s.f.DefaultMavenResourcesFiltering - skip non existing resourceDirectory C:\Users\NTS-Megha Hirmukhe\Desktop\SPRING-BOOT\bankProject\src\test\resources
2023-07-10 18:13:49,047 [Worker-17: Building] INFO  o.e.m.c.i.l.LifecycleMappingFactory - Using org.eclipse.m2e.jdt.JarLifecycleMapping lifecycle mapping for MavenProject: com.bank_project:bank_project:0.0.1-SNAPSHOT @ C:\Users\NTS-Megha Hirmukhe\Desktop\SPRING-BOOT\bank_project\pom.xml.
2023-07-10 18:13:50,348 [Worker-17: Building] INFO  o.a.m.s.f.DefaultMavenResourcesFiltering - Copying 1 resource from src\main\resources to target\classes
2023-07-10 18:13:50,403 [Worker-17: Building] INFO  o.a.m.s.f.DefaultMavenResourcesFiltering - Copying 0 resource from src\main\resources to target\classes
2023-07-10 18:13:50,412 [Worker-17: Building] INFO  o.a.m.s.f.DefaultMavenResourcesFiltering - skip non existing resourceDirectory C:\Users\NTS-Megha Hirmukhe\Desktop\SPRING-BOOT\bank_project\src\test\resources
2023-07-10 18:13:51,255 [Worker-17: Building] INFO  o.e.m.c.i.l.LifecycleMappingFactory - Using org.eclipse.m2e.jdt.JarLifecycleMapping lifecycle mapping for MavenProject: com.exceptionHandling1Way:exceptionHandling1Way:0.0.1-SNAPSHOT @ C:\Users\NTS-Megha Hirmukhe\Desktop\SPRING-BOOT\exceptionHandling1Way\pom.xml.
2023-07-10 18:13:52,518 [Worker-17: Building] INFO  o.a.m.s.f.DefaultMavenResourcesFiltering - Copying 1 resource from src\main\resources to target\classes
2023-07-10 18:13:52,553 [Worker-17: Building] INFO  o.a.m.s.f.DefaultMavenResourcesFiltering - Copying 0 resource from src\main\resources to target\classes
2023-07-10 18:13:52,559 [Worker-17: Building] INFO  o.a.m.s.f.DefaultMavenResourcesFiltering - skip non existing resourceDirectory C:\Users\NTS-Megha Hirmukhe\Desktop\SPRING-BOOT\exceptionHandling1Way\src\test\resources
2023-07-10 18:13:53,293 [Worker-17: Building] INFO  o.e.m.c.i.l.LifecycleMappingFactory - Using org.eclipse.m2e.jdt.JarLifecycleMapping lifecycle mapping for MavenProject: com.exceptionHandling2Way:exceptionHandling1Way-2:0.0.1-SNAPSHOT @ C:\Users\NTS-Megha Hirmukhe\Desktop\SPRING-BOOT\exceptionHandling1Way-2\pom.xml.
2023-07-10 18:13:54,483 [Worker-17: Building] INFO  o.a.m.s.f.DefaultMavenResourcesFiltering - Copying 1 resource from src\main\resources to target\classes
2023-07-10 18:13:54,531 [Worker-17: Building] INFO  o.a.m.s.f.DefaultMavenResourcesFiltering - Copying 0 resource from src\main\resources to target\classes
2023-07-10 18:13:54,540 [Worker-17: Building] INFO  o.a.m.s.f.DefaultMavenResourcesFiltering - skip non existing resourceDirectory C:\Users\NTS-Megha Hirmukhe\Desktop\SPRING-BOOT\exceptionHandling1Way-2\src\test\resources
2023-07-10 18:13:55,664 [Worker-17: Building] INFO  o.e.m.c.i.l.LifecycleMappingFactory - Using org.eclipse.m2e.jdt.JarLifecycleMapping lifecycle mapping for MavenProject: com.exceptionHandling2Way:exceptionHandling1Way2:0.0.1-SNAPSHOT @ C:\Users\NTS-Megha Hirmukhe\Desktop\SPRING-BOOT\exceptionHandling1Way2\pom.xml.
2023-07-10 18:13:56,800 [Worker-17: Building] INFO  o.a.m.s.f.DefaultMavenResourcesFiltering - Copying 1 resource from src\main\resources to target\classes
2023-07-10 18:13:56,849 [Worker-17: Building] INFO  o.a.m.s.f.DefaultMavenResourcesFiltering - Copying 0 resource from src\main\resources to target\classes
2023-07-10 18:13:56,856 [Worker-17: Building] INFO  o.a.m.s.f.DefaultMavenResourcesFiltering - skip non existing resourceDirectory C:\Users\NTS-Megha Hirmukhe\Desktop\SPRING-BOOT\exceptionHandling1Way2\src\test\resources
2023-07-10 18:13:58,121 [Worker-17: Building] INFO  o.e.m.c.i.l.LifecycleMappingFactory - Using org.eclipse.m2e.jdt.JarLifecycleMapping lifecycle mapping for MavenProject: com.findByMethods:findByMethods:0.0.1-SNAPSHOT @ C:\Users\NTS-Megha Hirmukhe\Desktop\SPRING-BOOT\findByMethods\pom.xml.
2023-07-10 18:13:59,351 [Worker-17: Building] INFO  o.a.m.s.f.DefaultMavenResourcesFiltering - Copying 1 resource from src\main\resources to target\classes
2023-07-10 18:13:59,413 [Worker-17: Building] INFO  o.a.m.s.f.DefaultMavenResourcesFiltering - Copying 0 resource from src\main\resources to target\classes
2023-07-10 18:13:59,421 [Worker-17: Building] INFO  o.a.m.s.f.DefaultMavenResourcesFiltering - skip non existing resourceDirectory C:\Users\NTS-Megha Hirmukhe\Desktop\SPRING-BOOT\findByMethods\src\test\resources
2023-07-10 18:14:00,260 [Worker-17: Building] INFO  o.e.m.c.i.l.LifecycleMappingFactory - Using org.eclipse.m2e.jdt.JarLifecycleMapping lifecycle mapping for MavenProject: com.getOnefeildData:getOnefeildData:0.0.1-SNAPSHOT @ C:\Users\NTS-Megha Hirmukhe\Desktop\SPRING-BOOT\getOnefeildData\pom.xml.
2023-07-10 18:14:01,534 [Worker-17: Building] INFO  o.a.m.s.f.DefaultMavenResourcesFiltering - Copying 1 resource from src\main\resources to target\classes
2023-07-10 18:14:01,595 [Worker-17: Building] INFO  o.a.m.s.f.DefaultMavenResourcesFiltering - Copying 0 resource from src\main\resources to target\classes
2023-07-10 18:14:01,602 [Worker-17: Building] INFO  o.a.m.s.f.DefaultMavenResourcesFiltering - skip non existing resourceDirectory C:\Users\NTS-Megha Hirmukhe\Desktop\SPRING-BOOT\getOnefeildData\src\test\resources
2023-07-10 18:14:02,197 [Worker-17: Building] INFO  o.e.m.c.i.l.LifecycleMappingFactory - Using org.eclipse.m2e.jdt.JarLifecycleMapping lifecycle mapping for MavenProject: com.http_methods:http_methods:0.0.1-SNAPSHOT @ C:\Users\NTS-Megha Hirmukhe\Desktop\SPRING-BOOT\http_methods\pom.xml.
2023-07-10 18:14:03,394 [Worker-17: Building] INFO  o.a.m.s.f.DefaultMavenResourcesFiltering - Copying 1 resource from src\main\resources to target\classes
2023-07-10 18:14:03,433 [Worker-17: Building] INFO  o.a.m.s.f.DefaultMavenResourcesFiltering - Copying 0 resource from src\main\resources to target\classes
2023-07-10 18:14:03,440 [Worker-17: Building] INFO  o.a.m.s.f.DefaultMavenResourcesFiltering - skip non existing resourceDirectory C:\Users\NTS-Megha Hirmukhe\Desktop\SPRING-BOOT\http_methods\src\test\resources
2023-07-10 18:14:04,009 [Worker-17: Building] INFO  o.e.m.c.i.l.LifecycleMappingFactory - Using org.eclipse.m2e.jdt.JarLifecycleMapping lifecycle mapping for MavenProject: com.spring_security-6:spring_security-6:0.0.1-SNAPSHOT @ C:\Users\NTS-Megha Hirmukhe\Desktop\SPRING-BOOT\spring_security-6\pom.xml.
2023-07-10 18:14:04,230 [Worker-17: Building] WARN  o.e.m.c.i.embedder.EclipseLogger - The POM for com.spring_security1:spring_security1:jar:0.0.1-SNAPSHOT is missing, no dependency information available
2023-07-10 18:14:05,136 [Worker-17: Building] INFO  o.a.m.s.f.DefaultMavenResourcesFiltering - Copying 1 resource from src\main\resources to target\classes
2023-07-10 18:14:05,246 [Worker-17: Building] INFO  o.a.m.s.f.DefaultMavenResourcesFiltering - Copying 0 resource from src\main\resources to target\classes
2023-07-10 18:14:05,253 [Worker-17: Building] INFO  o.a.m.s.f.DefaultMavenResourcesFiltering - skip non existing resourceDirectory C:\Users\NTS-Megha Hirmukhe\Desktop\SPRING-BOOT\spring_security-6\src\test\resources
2023-07-10 18:14:05,816 [Worker-17: Building] INFO  o.e.m.c.i.l.LifecycleMappingFactory - Using org.eclipse.m2e.jdt.JarLifecycleMapping lifecycle mapping for MavenProject: com.spring_security1:spring_security1:0.0.1-SNAPSHOT @ C:\Users\NTS-Megha Hirmukhe\Desktop\SPRING-BOOT\spring_security1\pom.xml.
2023-07-10 18:14:06,003 [Worker-16: Download sources and javadoc] ERROR o.e.m.j.internal.DownloadSourcesJob - Could not download sources for com.spring_security1:spring_security1:0.0.1-SNAPSHOT
org.eclipse.core.runtime.CoreException: Could not resolve artifact com.spring_security1:spring_security1:jar:sources:0.0.1-SNAPSHOT
	at org.eclipse.m2e.core.internal.embedder.MavenImpl.lambda$6(MavenImpl.java:584)
	at org.eclipse.m2e.core.internal.embedder.MavenExecutionContext.executeBare(MavenExecutionContext.java:394)
	at org.eclipse.m2e.core.internal.embedder.MavenExecutionContext.execute(MavenExecutionContext.java:228)
	at org.eclipse.m2e.core.internal.embedder.MavenExecutionContext.execute(MavenExecutionContext.java:214)
	at org.eclipse.m2e.core.internal.embedder.MavenImpl.resolve(MavenImpl.java:553)
	at org.eclipse.m2e.core.internal.embedder.MavenImpl.resolve(MavenImpl.java:538)
	at org.eclipse.m2e.jdt.internal.DownloadSourcesJob.download(DownloadSourcesJob.java:308)
	at org.eclipse.m2e.jdt.internal.DownloadSourcesJob.downloadAttachments(DownloadSourcesJob.java:282)
	at org.eclipse.m2e.jdt.internal.DownloadSourcesJob.downloadMaven(DownloadSourcesJob.java:252)
	at org.eclipse.m2e.jdt.internal.DownloadSourcesJob.downloadFilesAndPopulateToUpdate(DownloadSourcesJob.java:220)
	at org.eclipse.m2e.jdt.internal.DownloadSourcesJob.lambda$0(DownloadSourcesJob.java:149)
	at org.eclipse.m2e.core.internal.embedder.MavenExecutionContext.executeBare(MavenExecutionContext.java:394)
	at org.eclipse.m2e.core.internal.embedder.MavenExecutionContext.execute(MavenExecutionContext.java:275)
	at org.eclipse.m2e.core.internal.embedder.MavenExecutionContext.execute(MavenExecutionContext.java:214)
	at org.eclipse.m2e.core.embedder.IMaven.execute(IMaven.java:294)
	at org.eclipse.m2e.jdt.internal.DownloadSourcesJob.run(DownloadSourcesJob.java:149)
	at org.eclipse.core.internal.jobs.Worker.run(Worker.java:63)
2023-07-10 18:14:06,389 [Worker-17: Building] INFO  o.e.m.c.i.l.LifecycleMappingFactory - Using org.eclipse.m2e.jdt.JarLifecycleMapping lifecycle mapping for MavenProject: com.spring_security-6:spring_security-6:0.0.1-SNAPSHOT @ C:\Users\NTS-Megha Hirmukhe\Desktop\SPRING-BOOT\spring_security-6\pom.xml.
2023-07-10 18:14:06,516 [Worker-17: Building] INFO  o.e.m.c.i.p.WorkspaceClassifierResolverManager - Resolving P/spring_security1: com.spring_security1:spring_security1:0.0.1-SNAPSHOT with classifier  to /spring_security1/target/classes
2023-07-10 18:14:08,169 [Worker-17: Building] INFO  o.a.m.s.f.DefaultMavenResourcesFiltering - Copying 1 resource from src\main\resources to target\classes
2023-07-10 18:14:08,205 [Worker-17: Building] INFO  o.a.m.s.f.DefaultMavenResourcesFiltering - Copying 0 resource from src\main\resources to target\classes
2023-07-10 18:14:08,212 [Worker-17: Building] INFO  o.a.m.s.f.DefaultMavenResourcesFiltering - skip non existing resourceDirectory C:\Users\NTS-Megha Hirmukhe\Desktop\SPRING-BOOT\spring_security1\src\test\resources
2023-07-10 18:14:08,877 [Worker-17: Building] INFO  o.e.m.c.i.l.LifecycleMappingFactory - Using org.eclipse.m2e.jdt.JarLifecycleMapping lifecycle mapping for MavenProject: com.spring_security2:spring_security2:0.0.1-SNAPSHOT @ C:\Users\NTS-Megha Hirmukhe\Desktop\SPRING-BOOT\spring_security2\pom.xml.
2023-07-10 18:14:09,927 [Worker-17: Building] INFO  o.a.m.s.f.DefaultMavenResourcesFiltering - Copying 1 resource from src\main\resources to target\classes
2023-07-10 18:14:09,952 [Worker-17: Building] INFO  o.a.m.s.f.DefaultMavenResourcesFiltering - Copying 0 resource from src\main\resources to target\classes
2023-07-10 18:14:09,958 [Worker-17: Building] INFO  o.a.m.s.f.DefaultMavenResourcesFiltering - skip non existing resourceDirectory C:\Users\NTS-Megha Hirmukhe\Desktop\SPRING-BOOT\spring_security2\src\test\resources
2023-07-10 18:14:10,479 [Worker-17: Building] INFO  o.e.m.c.i.l.LifecycleMappingFactory - Using org.eclipse.m2e.jdt.JarLifecycleMapping lifecycle mapping for MavenProject: com.spring_security3_3user:spring_security3_3user:0.0.1-SNAPSHOT @ C:\Users\NTS-Megha Hirmukhe\Desktop\SPRING-BOOT\spring_security3_3user\pom.xml.
2023-07-10 18:14:11,511 [Worker-17: Building] INFO  o.a.m.s.f.DefaultMavenResourcesFiltering - Copying 1 resource from src\main\resources to target\classes
2023-07-10 18:14:11,539 [Worker-17: Building] INFO  o.a.m.s.f.DefaultMavenResourcesFiltering - Copying 0 resource from src\main\resources to target\classes
2023-07-10 18:14:11,546 [Worker-17: Building] INFO  o.a.m.s.f.DefaultMavenResourcesFiltering - skip non existing resourceDirectory C:\Users\NTS-Megha Hirmukhe\Desktop\SPRING-BOOT\spring_security3_3user\src\test\resources
2023-07-10 18:14:12,055 [Worker-17: Building] INFO  o.e.m.c.i.l.LifecycleMappingFactory - Using org.eclipse.m2e.jdt.JarLifecycleMapping lifecycle mapping for MavenProject: com.spring_security3user:spring_security3user:0.0.1-SNAPSHOT @ C:\Users\NTS-Megha Hirmukhe\Desktop\SPRING-BOOT\spring_security3user\pom.xml.
2023-07-10 18:14:13,200 [Worker-17: Building] INFO  o.a.m.s.f.DefaultMavenResourcesFiltering - Copying 1 resource from src\main\resources to target\classes
2023-07-10 18:14:13,328 [Worker-17: Building] INFO  o.a.m.s.f.DefaultMavenResourcesFiltering - Copying 0 resource from src\main\resources to target\classes
2023-07-10 18:14:13,335 [Worker-17: Building] INFO  o.a.m.s.f.DefaultMavenResourcesFiltering - skip non existing resourceDirectory C:\Users\NTS-Megha Hirmukhe\Desktop\SPRING-BOOT\spring_security3user\src\test\resources
2023-07-10 18:14:13,877 [Worker-17: Building] INFO  o.e.m.c.i.l.LifecycleMappingFactory - Using org.eclipse.m2e.jdt.JarLifecycleMapping lifecycle mapping for MavenProject: com.spring_security3user:spring_security4:0.0.1-SNAPSHOT @ C:\Users\NTS-Megha Hirmukhe\Desktop\SPRING-BOOT\spring_security4\pom.xml.
2023-07-10 18:14:15,019 [Worker-17: Building] INFO  o.a.m.s.f.DefaultMavenResourcesFiltering - Copying 1 resource from src\main\resources to target\classes
2023-07-10 18:14:15,060 [Worker-17: Building] INFO  o.a.m.s.f.DefaultMavenResourcesFiltering - Copying 0 resource from src\main\resources to target\classes
2023-07-10 18:14:15,067 [Worker-17: Building] INFO  o.a.m.s.f.DefaultMavenResourcesFiltering - skip non existing resourceDirectory C:\Users\NTS-Megha Hirmukhe\Desktop\SPRING-BOOT\spring_security4\src\test\resources
2023-07-10 18:14:15,620 [Worker-17: Building] INFO  o.e.m.c.i.l.LifecycleMappingFactory - Using org.eclipse.m2e.jdt.JarLifecycleMapping lifecycle mapping for MavenProject: com.spring_security5:spring_security5:0.0.1-SNAPSHOT @ C:\Users\NTS-Megha Hirmukhe\Desktop\SPRING-BOOT\spring_security5\pom.xml.
2023-07-10 18:14:16,655 [Worker-17: Building] INFO  o.a.m.s.f.DefaultMavenResourcesFiltering - Copying 1 resource from src\main\resources to target\classes
2023-07-10 18:14:16,680 [Worker-17: Building] INFO  o.a.m.s.f.DefaultMavenResourcesFiltering - Copying 0 resource from src\main\resources to target\classes
2023-07-10 18:14:16,685 [Worker-17: Building] INFO  o.a.m.s.f.DefaultMavenResourcesFiltering - skip non existing resourceDirectory C:\Users\NTS-Megha Hirmukhe\Desktop\SPRING-BOOT\spring_security5\src\test\resources
2023-07-10 18:14:17,141 [Worker-17: Building] INFO  o.e.m.c.i.l.LifecycleMappingFactory - Using org.eclipse.m2e.jdt.JarLifecycleMapping lifecycle mapping for MavenProject: com.spring_security6:spring_security6:0.0.1-SNAPSHOT @ C:\Users\NTS-Megha Hirmukhe\Desktop\SPRING-BOOT\spring_security6\pom.xml.
2023-07-10 18:14:18,047 [Worker-17: Building] INFO  o.a.m.s.f.DefaultMavenResourcesFiltering - Copying 1 resource from src\main\resources to target\classes
2023-07-10 18:14:18,078 [Worker-17: Building] INFO  o.a.m.s.f.DefaultMavenResourcesFiltering - Copying 0 resource from src\main\resources to target\classes
2023-07-10 18:14:18,085 [Worker-17: Building] INFO  o.a.m.s.f.DefaultMavenResourcesFiltering - skip non existing resourceDirectory C:\Users\NTS-Megha Hirmukhe\Desktop\SPRING-BOOT\spring_security6\src\test\resources
2023-07-10 18:14:18,595 [Worker-17: Building] INFO  o.e.m.c.i.l.LifecycleMappingFactory - Using org.eclipse.m2e.jdt.JarLifecycleMapping lifecycle mapping for MavenProject: com.user_DB:user-DB:0.0.1-SNAPSHOT @ C:\Users\NTS-Megha Hirmukhe\Desktop\SPRING-BOOT\user-DB\pom.xml.
2023-07-10 18:14:19,915 [Worker-17: Building] INFO  o.e.m.c.i.embedder.EclipseLogger - Using 'UTF-8' encoding to copy filtered resources.
2023-07-10 18:14:19,915 [Worker-17: Building] INFO  o.e.m.c.i.embedder.EclipseLogger - Using 'UTF-8' encoding to copy filtered properties files.
2023-07-10 18:14:19,916 [Worker-17: Building] INFO  o.e.m.c.i.embedder.EclipseLogger - Copying 1 resource
2023-07-10 18:14:20,003 [Worker-17: Building] INFO  o.e.m.c.i.embedder.EclipseLogger - Copying 0 resource
2023-07-10 18:14:20,009 [Worker-17: Building] INFO  o.e.m.c.i.embedder.EclipseLogger - Using 'UTF-8' encoding to copy filtered resources.
2023-07-10 18:14:20,009 [Worker-17: Building] INFO  o.e.m.c.i.embedder.EclipseLogger - Using 'UTF-8' encoding to copy filtered properties files.
2023-07-10 18:14:20,010 [Worker-17: Building] INFO  o.e.m.c.i.embedder.EclipseLogger - skip non existing resourceDirectory C:\Users\NTS-Megha Hirmukhe\Desktop\SPRING-BOOT\user-DB\src\test\resources
2023-07-10 18:14:20,534 [Worker-17: Building] INFO  o.e.m.c.i.l.LifecycleMappingFactory - Using org.eclipse.m2e.jdt.JarLifecycleMapping lifecycle mapping for MavenProject: com.user_DB1:user-DB1:0.0.1-SNAPSHOT @ C:\Users\NTS-Megha Hirmukhe\Desktop\SPRING-BOOT\user-DB1\pom.xml.
2023-07-10 18:14:21,697 [Worker-17: Building] INFO  o.a.m.s.f.DefaultMavenResourcesFiltering - Copying 1 resource from src\main\resources to target\classes
2023-07-10 18:14:21,728 [Worker-17: Building] INFO  o.a.m.s.f.DefaultMavenResourcesFiltering - Copying 0 resource from src\main\resources to target\classes
2023-07-10 18:14:21,733 [Worker-17: Building] INFO  o.a.m.s.f.DefaultMavenResourcesFiltering - skip non existing resourceDirectory C:\Users\NTS-Megha Hirmukhe\Desktop\SPRING-BOOT\user-DB1\src\test\resources
2023-07-10 18:17:45,122 [Worker-2: Loading available Gradle versions] INFO  o.e.b.c.i.u.g.PublishedGradleVersions - Gradle version information cache is up-to-date. Trying to read.
2023-07-10 18:21:07,909 [Worker-1: Updating Maven Dependencies] INFO  o.e.m.c.i.l.LifecycleMappingFactory - Using org.eclipse.m2e.jdt.JarLifecycleMapping lifecycle mapping for MavenProject: com.jwtDemo1:jwtDemo1:0.0.1-SNAPSHOT @ C:\Users\NTS-Megha Hirmukhe\Desktop\SPRING-BOOT\jwtDemo1 - Copy\pom.xml.
2023-07-10 18:21:08,051 [Worker-15: Building] INFO  o.e.m.c.i.l.LifecycleMappingFactory - Using org.eclipse.m2e.jdt.JarLifecycleMapping lifecycle mapping for MavenProject: com.jwtDemo1:jwtDemo1:0.0.1-SNAPSHOT @ C:\Users\NTS-Megha Hirmukhe\Desktop\SPRING-BOOT\jwtDemo1 - Copy\pom.xml.
2023-07-10 18:21:08,889 [Worker-15: Building] INFO  o.a.m.s.f.DefaultMavenResourcesFiltering - Copying 1 resource from src\main\resources to target\classes
2023-07-10 18:21:08,913 [Worker-15: Building] INFO  o.a.m.s.f.DefaultMavenResourcesFiltering - Copying 0 resource from src\main\resources to target\classes
2023-07-10 18:21:08,916 [Worker-15: Building] INFO  o.a.m.s.f.DefaultMavenResourcesFiltering - skip non existing resourceDirectory C:\Users\NTS-Megha Hirmukhe\Desktop\SPRING-BOOT\jwtDemo1 - Copy\src\test\resources
2023-07-10 18:21:10,520 [Worker-27: Updating Maven Dependencies] INFO  o.e.m.c.i.l.LifecycleMappingFactory - Using org.eclipse.m2e.jdt.JarLifecycleMapping lifecycle mapping for MavenProject: com.jwtDemo1:jwtDemo1:0.0.1-SNAPSHOT @ C:\Users\NTS-Megha Hirmukhe\Desktop\SPRING-BOOT\jwtDemo1 - Copy\pom.xml.
2023-07-10 18:23:42,343 [Worker-25: Building] INFO  o.a.m.s.f.DefaultMavenResourcesFiltering - Copying 1 resource from src\main\resources to target\classes
2023-07-10 18:23:42,358 [Worker-25: Building] INFO  o.a.m.s.f.DefaultMavenResourcesFiltering - Copying 0 resource from src\main\resources to target\classes
2023-07-10 18:23:42,362 [Worker-25: Building] INFO  o.a.m.s.f.DefaultMavenResourcesFiltering - skip non existing resourceDirectory C:\Users\NTS-Megha Hirmukhe\Desktop\SPRING-BOOT\jwtDemo1 - Copy\src\test\resources
2023-07-10 18:23:46,042 [Worker-24: Building] INFO  o.a.m.s.f.DefaultMavenResourcesFiltering - Copying 1 resource from src\main\resources to target\classes
2023-07-10 18:23:46,047 [Worker-24: Building] INFO  o.a.m.s.f.DefaultMavenResourcesFiltering - Copying 0 resource from src\main\resources to target\classes
2023-07-10 18:23:46,050 [Worker-24: Building] INFO  o.a.m.s.f.DefaultMavenResourcesFiltering - skip non existing resourceDirectory C:\Users\NTS-Megha Hirmukhe\Desktop\SPRING-BOOT\jwtDemo1 - Copy\src\test\resources
2023-07-10 18:23:51,535 [Worker-21: Building] INFO  o.a.m.s.f.DefaultMavenResourcesFiltering - Copying 1 resource from src\main\resources to target\classes
2023-07-10 18:23:51,557 [Worker-21: Building] INFO  o.a.m.s.f.DefaultMavenResourcesFiltering - Copying 0 resource from src\main\resources to target\classes
2023-07-10 18:23:51,560 [Worker-21: Building] INFO  o.a.m.s.f.DefaultMavenResourcesFiltering - skip non existing resourceDirectory C:\Users\NTS-Megha Hirmukhe\Desktop\SPRING-BOOT\jwtDemo1 - Copy\src\test\resources
2023-07-10 18:23:53,469 [Worker-25: Building] INFO  o.a.m.s.f.DefaultMavenResourcesFiltering - Copying 1 resource from src\main\resources to target\classes
2023-07-10 18:23:53,473 [Worker-25: Building] INFO  o.a.m.s.f.DefaultMavenResourcesFiltering - Copying 0 resource from src\main\resources to target\classes
2023-07-10 18:23:53,476 [Worker-25: Building] INFO  o.a.m.s.f.DefaultMavenResourcesFiltering - skip non existing resourceDirectory C:\Users\NTS-Megha Hirmukhe\Desktop\SPRING-BOOT\jwtDemo1 - Copy\src\test\resources
2023-07-10 18:24:04,651 [Worker-1: Building] INFO  o.a.m.s.f.DefaultMavenResourcesFiltering - Copying 1 resource from src\main\resources to target\classes
2023-07-10 18:24:04,676 [Worker-1: Building] INFO  o.a.m.s.f.DefaultMavenResourcesFiltering - Copying 0 resource from src\main\resources to target\classes
2023-07-10 18:24:04,678 [Worker-1: Building] INFO  o.a.m.s.f.DefaultMavenResourcesFiltering - skip non existing resourceDirectory C:\Users\NTS-Megha Hirmukhe\Desktop\SPRING-BOOT\jwtDemo1 - Copy\src\test\resources
2023-07-10 18:24:11,383 [Worker-1: Building] INFO  o.a.m.s.f.DefaultMavenResourcesFiltering - Copying 1 resource from src\main\resources to target\classes
2023-07-10 18:24:11,387 [Worker-1: Building] INFO  o.a.m.s.f.DefaultMavenResourcesFiltering - Copying 0 resource from src\main\resources to target\classes
2023-07-10 18:24:11,391 [Worker-1: Building] INFO  o.a.m.s.f.DefaultMavenResourcesFiltering - skip non existing resourceDirectory C:\Users\NTS-Megha Hirmukhe\Desktop\SPRING-BOOT\jwtDemo1 - Copy\src\test\resources
2023-07-10 18:24:53,869 [Worker-25: Building] INFO  o.a.m.s.f.DefaultMavenResourcesFiltering - Copying 1 resource from src\main\resources to target\classes
2023-07-10 18:24:53,872 [Worker-25: Building] INFO  o.a.m.s.f.DefaultMavenResourcesFiltering - Copying 0 resource from src\main\resources to target\classes
2023-07-10 18:24:53,875 [Worker-25: Building] INFO  o.a.m.s.f.DefaultMavenResourcesFiltering - skip non existing resourceDirectory C:\Users\NTS-Megha Hirmukhe\Desktop\SPRING-BOOT\jwtDemo1 - Copy\src\test\resources
2023-07-10 18:27:14,009 [Worker-21: Building] INFO  o.a.m.s.f.DefaultMavenResourcesFiltering - Copying 1 resource from src\main\resources to target\classes
2023-07-10 18:27:14,025 [Worker-21: Building] INFO  o.a.m.s.f.DefaultMavenResourcesFiltering - Copying 0 resource from src\main\resources to target\classes
2023-07-10 18:27:14,028 [Worker-21: Building] INFO  o.a.m.s.f.DefaultMavenResourcesFiltering - skip non existing resourceDirectory C:\Users\NTS-Megha Hirmukhe\Desktop\SPRING-BOOT\jwtDemo1 - Copy\src\test\resources
2023-07-10 18:27:47,856 [Worker-21: Building] INFO  o.a.m.s.f.DefaultMavenResourcesFiltering - Copying 1 resource from src\main\resources to target\classes
2023-07-10 18:27:47,870 [Worker-21: Building] INFO  o.a.m.s.f.DefaultMavenResourcesFiltering - Copying 0 resource from src\main\resources to target\classes
2023-07-10 18:27:47,874 [Worker-21: Building] INFO  o.a.m.s.f.DefaultMavenResourcesFiltering - skip non existing resourceDirectory C:\Users\NTS-Megha Hirmukhe\Desktop\SPRING-BOOT\DB_Security-3\src\test\resources
2023-07-10 18:28:10,048 [Worker-27: Building] INFO  o.a.m.s.f.DefaultMavenResourcesFiltering - Copying 1 resource from src\main\resources to target\classes
2023-07-10 18:28:10,052 [Worker-27: Building] INFO  o.a.m.s.f.DefaultMavenResourcesFiltering - Copying 0 resource from src\main\resources to target\classes
2023-07-10 18:28:10,055 [Worker-27: Building] INFO  o.a.m.s.f.DefaultMavenResourcesFiltering - skip non existing resourceDirectory C:\Users\NTS-Megha Hirmukhe\Desktop\SPRING-BOOT\DB_Security-3\src\test\resources
2023-07-10 18:28:15,277 [Worker-28: Building] INFO  o.a.m.s.f.DefaultMavenResourcesFiltering - Copying 1 resource from src\main\resources to target\classes
2023-07-10 18:28:15,281 [Worker-28: Building] INFO  o.a.m.s.f.DefaultMavenResourcesFiltering - Copying 0 resource from src\main\resources to target\classes
2023-07-10 18:28:15,284 [Worker-28: Building] INFO  o.a.m.s.f.DefaultMavenResourcesFiltering - skip non existing resourceDirectory C:\Users\NTS-Megha Hirmukhe\Desktop\SPRING-BOOT\DB_Security-3\src\test\resources
2023-07-10 18:28:21,393 [Worker-30: Building] INFO  o.a.m.s.f.DefaultMavenResourcesFiltering - Copying 1 resource from src\main\resources to target\classes
2023-07-10 18:28:21,397 [Worker-30: Building] INFO  o.a.m.s.f.DefaultMavenResourcesFiltering - Copying 0 resource from src\main\resources to target\classes
2023-07-10 18:28:21,399 [Worker-30: Building] INFO  o.a.m.s.f.DefaultMavenResourcesFiltering - skip non existing resourceDirectory C:\Users\NTS-Megha Hirmukhe\Desktop\SPRING-BOOT\DB_Security-3\src\test\resources
2023-07-10 18:28:24,686 [Worker-29: Building] INFO  o.a.m.s.f.DefaultMavenResourcesFiltering - Copying 1 resource from src\main\resources to target\classes
2023-07-10 18:28:24,689 [Worker-29: Building] INFO  o.a.m.s.f.DefaultMavenResourcesFiltering - Copying 0 resource from src\main\resources to target\classes
2023-07-10 18:28:24,692 [Worker-29: Building] INFO  o.a.m.s.f.DefaultMavenResourcesFiltering - skip non existing resourceDirectory C:\Users\NTS-Megha Hirmukhe\Desktop\SPRING-BOOT\DB_Security-3\src\test\resources
2023-07-10 18:28:31,902 [Worker-27: Building] INFO  o.a.m.s.f.DefaultMavenResourcesFiltering - Copying 1 resource from src\main\resources to target\classes
2023-07-10 18:28:31,905 [Worker-27: Building] INFO  o.a.m.s.f.DefaultMavenResourcesFiltering - Copying 0 resource from src\main\resources to target\classes
2023-07-10 18:28:31,908 [Worker-27: Building] INFO  o.a.m.s.f.DefaultMavenResourcesFiltering - skip non existing resourceDirectory C:\Users\NTS-Megha Hirmukhe\Desktop\SPRING-BOOT\DB_Security-3\src\test\resources
2023-07-10 18:30:10,672 [Worker-21: Building] INFO  o.a.m.s.f.DefaultMavenResourcesFiltering - Copying 1 resource from src\main\resources to target\classes
2023-07-10 18:30:10,675 [Worker-21: Building] INFO  o.a.m.s.f.DefaultMavenResourcesFiltering - Copying 0 resource from src\main\resources to target\classes
2023-07-10 18:30:10,679 [Worker-21: Building] INFO  o.a.m.s.f.DefaultMavenResourcesFiltering - skip non existing resourceDirectory C:\Users\NTS-Megha Hirmukhe\Desktop\SPRING-BOOT\jwtDemo1 - Copy\src\test\resources
2023-07-10 18:30:21,335 [Worker-32: Building] INFO  o.a.m.s.f.DefaultMavenResourcesFiltering - Copying 1 resource from src\main\resources to target\classes
2023-07-10 18:30:21,339 [Worker-32: Building] INFO  o.a.m.s.f.DefaultMavenResourcesFiltering - Copying 0 resource from src\main\resources to target\classes
2023-07-10 18:30:21,341 [Worker-32: Building] INFO  o.a.m.s.f.DefaultMavenResourcesFiltering - skip non existing resourceDirectory C:\Users\NTS-Megha Hirmukhe\Desktop\SPRING-BOOT\jwtDemo1 - Copy\src\test\resources
2023-07-10 18:30:32,739 [Worker-21: Building] INFO  o.a.m.s.f.DefaultMavenResourcesFiltering - Copying 1 resource from src\main\resources to target\classes
2023-07-10 18:30:32,744 [Worker-21: Building] INFO  o.a.m.s.f.DefaultMavenResourcesFiltering - Copying 0 resource from src\main\resources to target\classes
2023-07-10 18:30:32,749 [Worker-21: Building] INFO  o.a.m.s.f.DefaultMavenResourcesFiltering - skip non existing resourceDirectory C:\Users\NTS-Megha Hirmukhe\Desktop\SPRING-BOOT\jwtDemo1 - Copy\src\test\resources
2023-07-10 18:42:49,389 [Worker-37: Building] INFO  o.a.m.s.f.DefaultMavenResourcesFiltering - Copying 1 resource from src\main\resources to target\classes
2023-07-10 18:42:49,395 [Worker-37: Building] INFO  o.a.m.s.f.DefaultMavenResourcesFiltering - Copying 0 resource from src\main\resources to target\classes
2023-07-10 18:42:49,398 [Worker-37: Building] INFO  o.a.m.s.f.DefaultMavenResourcesFiltering - skip non existing resourceDirectory C:\Users\NTS-Megha Hirmukhe\Desktop\SPRING-BOOT\jwtDemo1 - Copy\src\test\resources
2023-07-11 11:56:57,921 [Worker-4: Loading available Gradle versions] INFO  o.e.b.c.i.u.g.PublishedGradleVersions - Gradle version information cache is up-to-date. Trying to read.
2023-07-11 11:57:23,157 [Worker-22: Building] INFO  o.a.m.s.f.DefaultMavenResourcesFiltering - Copying 1 resource from src\main\resources to target\classes
2023-07-11 11:57:23,184 [Worker-22: Building] INFO  o.a.m.s.f.DefaultMavenResourcesFiltering - Copying 0 resource from src\main\resources to target\classes
2023-07-11 11:57:23,192 [Worker-22: Building] INFO  o.a.m.s.f.DefaultMavenResourcesFiltering - skip non existing resourceDirectory C:\Users\NTS-Megha Hirmukhe\Desktop\SPRING-BOOT\jwtDemo1 - Copy\src\test\resources
2023-07-11 11:58:07,304 [Worker-8: Updating Maven Dependencies] INFO  o.e.m.c.i.l.LifecycleMappingFactory - Using org.eclipse.m2e.jdt.JarLifecycleMapping lifecycle mapping for MavenProject: com.Bank:Bank:0.0.1-SNAPSHOT @ C:\Users\NTS-Megha Hirmukhe\Desktop\SPRING-BOOT\Bank\pom.xml.
2023-07-11 11:58:10,124 [Worker-13: Building] INFO  o.a.m.s.f.DefaultMavenResourcesFiltering - Copying 1 resource from src\main\resources to target\classes
2023-07-11 11:58:10,182 [Worker-13: Building] INFO  o.a.m.s.f.DefaultMavenResourcesFiltering - Copying 0 resource from src\main\resources to target\classes
2023-07-11 11:58:10,187 [Worker-13: Building] INFO  o.a.m.s.f.DefaultMavenResourcesFiltering - skip non existing resourceDirectory C:\Users\NTS-Megha Hirmukhe\Desktop\SPRING-BOOT\Bank\src\test\resources
2023-07-11 11:58:11,652 [Worker-24: Updating Maven Dependencies] INFO  o.e.m.c.i.l.LifecycleMappingFactory - Using org.eclipse.m2e.jdt.JarLifecycleMapping lifecycle mapping for MavenProject: com.user_DB:user-DB:0.0.1-SNAPSHOT @ C:\Users\NTS-Megha Hirmukhe\Desktop\SPRING-BOOT\user-DB\pom.xml.
2023-07-11 11:58:11,656 [Worker-13: Building] INFO  o.e.m.c.i.l.LifecycleMappingFactory - Using org.eclipse.m2e.jdt.JarLifecycleMapping lifecycle mapping for MavenProject: com.bankProject:bankProject:0.0.1-SNAPSHOT @ C:\Users\NTS-Megha Hirmukhe\Desktop\SPRING-BOOT\bankProject\pom.xml.
2023-07-11 11:58:13,131 [Worker-13: Building] INFO  o.a.m.s.f.DefaultMavenResourcesFiltering - Copying 1 resource from src\main\resources to target\classes
2023-07-11 11:58:13,167 [Worker-13: Building] INFO  o.a.m.s.f.DefaultMavenResourcesFiltering - Copying 0 resource from src\main\resources to target\classes
2023-07-11 11:58:13,177 [Worker-13: Building] INFO  o.a.m.s.f.DefaultMavenResourcesFiltering - skip non existing resourceDirectory C:\Users\NTS-Megha Hirmukhe\Desktop\SPRING-BOOT\bankProject\src\test\resources
2023-07-11 11:58:14,571 [Worker-15: Building] INFO  o.e.m.c.i.l.LifecycleMappingFactory - Using org.eclipse.m2e.jdt.JarLifecycleMapping lifecycle mapping for MavenProject: com.bank_project:bank_project:0.0.1-SNAPSHOT @ C:\Users\NTS-Megha Hirmukhe\Desktop\SPRING-BOOT\bank_project\pom.xml.
2023-07-11 11:58:15,680 [Worker-15: Building] INFO  o.a.m.s.f.DefaultMavenResourcesFiltering - Copying 1 resource from src\main\resources to target\classes
2023-07-11 11:58:15,720 [Worker-15: Building] INFO  o.a.m.s.f.DefaultMavenResourcesFiltering - Copying 0 resource from src\main\resources to target\classes
2023-07-11 11:58:15,728 [Worker-15: Building] INFO  o.a.m.s.f.DefaultMavenResourcesFiltering - skip non existing resourceDirectory C:\Users\NTS-Megha Hirmukhe\Desktop\SPRING-BOOT\bank_project\src\test\resources
2023-07-11 11:58:16,629 [Worker-15: Building] INFO  o.e.m.c.i.l.LifecycleMappingFactory - Using org.eclipse.m2e.jdt.JarLifecycleMapping lifecycle mapping for MavenProject: com.exceptionHandling1Way:exceptionHandling1Way:0.0.1-SNAPSHOT @ C:\Users\NTS-Megha Hirmukhe\Desktop\SPRING-BOOT\exceptionHandling1Way\pom.xml.
2023-07-11 11:58:17,569 [Worker-15: Building] INFO  o.a.m.s.f.DefaultMavenResourcesFiltering - Copying 1 resource from src\main\resources to target\classes
2023-07-11 11:58:17,611 [Worker-15: Building] INFO  o.a.m.s.f.DefaultMavenResourcesFiltering - Copying 0 resource from src\main\resources to target\classes
2023-07-11 11:58:17,638 [Worker-15: Building] INFO  o.a.m.s.f.DefaultMavenResourcesFiltering - skip non existing resourceDirectory C:\Users\NTS-Megha Hirmukhe\Desktop\SPRING-BOOT\exceptionHandling1Way\src\test\resources
2023-07-11 11:58:18,031 [Worker-8: Updating Maven Dependencies] INFO  o.e.m.c.i.l.LifecycleMappingFactory - Using org.eclipse.m2e.jdt.JarLifecycleMapping lifecycle mapping for MavenProject: com.user_DB:user-DB:0.0.1-SNAPSHOT @ C:\Users\NTS-Megha Hirmukhe\Desktop\SPRING-BOOT\user-DB\pom.xml.
2023-07-11 11:58:18,412 [Worker-15: Building] INFO  o.e.m.c.i.l.LifecycleMappingFactory - Using org.eclipse.m2e.jdt.JarLifecycleMapping lifecycle mapping for MavenProject: com.exceptionHandling2Way:exceptionHandling1Way-2:0.0.1-SNAPSHOT @ C:\Users\NTS-Megha Hirmukhe\Desktop\SPRING-BOOT\exceptionHandling1Way-2\pom.xml.
2023-07-11 11:58:19,933 [Worker-15: Building] INFO  o.a.m.s.f.DefaultMavenResourcesFiltering - Copying 1 resource from src\main\resources to target\classes
2023-07-11 11:58:19,976 [Worker-15: Building] INFO  o.a.m.s.f.DefaultMavenResourcesFiltering - Copying 0 resource from src\main\resources to target\classes
2023-07-11 11:58:19,986 [Worker-15: Building] INFO  o.a.m.s.f.DefaultMavenResourcesFiltering - skip non existing resourceDirectory C:\Users\NTS-Megha Hirmukhe\Desktop\SPRING-BOOT\exceptionHandling1Way-2\src\test\resources
2023-07-11 11:58:21,790 [Worker-18: Building] INFO  o.e.m.c.i.l.LifecycleMappingFactory - Using org.eclipse.m2e.jdt.JarLifecycleMapping lifecycle mapping for MavenProject: com.exceptionHandling2Way:exceptionHandling1Way2:0.0.1-SNAPSHOT @ C:\Users\NTS-Megha Hirmukhe\Desktop\SPRING-BOOT\exceptionHandling1Way2\pom.xml.
2023-07-11 11:58:23,108 [Worker-18: Building] INFO  o.a.m.s.f.DefaultMavenResourcesFiltering - Copying 1 resource from src\main\resources to target\classes
2023-07-11 11:58:23,140 [Worker-18: Building] INFO  o.a.m.s.f.DefaultMavenResourcesFiltering - Copying 0 resource from src\main\resources to target\classes
2023-07-11 11:58:23,146 [Worker-18: Building] INFO  o.a.m.s.f.DefaultMavenResourcesFiltering - skip non existing resourceDirectory C:\Users\NTS-Megha Hirmukhe\Desktop\SPRING-BOOT\exceptionHandling1Way2\src\test\resources
2023-07-11 11:58:23,798 [Worker-18: Building] INFO  o.e.m.c.i.l.LifecycleMappingFactory - Using org.eclipse.m2e.jdt.JarLifecycleMapping lifecycle mapping for MavenProject: com.findByMethods:findByMethods:0.0.1-SNAPSHOT @ C:\Users\NTS-Megha Hirmukhe\Desktop\SPRING-BOOT\findByMethods\pom.xml.
2023-07-11 11:58:24,645 [Worker-18: Building] INFO  o.a.m.s.f.DefaultMavenResourcesFiltering - Copying 1 resource from src\main\resources to target\classes
2023-07-11 11:58:24,661 [Worker-18: Building] INFO  o.a.m.s.f.DefaultMavenResourcesFiltering - Copying 0 resource from src\main\resources to target\classes
2023-07-11 11:58:24,667 [Worker-18: Building] INFO  o.a.m.s.f.DefaultMavenResourcesFiltering - skip non existing resourceDirectory C:\Users\NTS-Megha Hirmukhe\Desktop\SPRING-BOOT\findByMethods\src\test\resources
2023-07-11 11:58:25,128 [Worker-18: Building] INFO  o.e.m.c.i.l.LifecycleMappingFactory - Using org.eclipse.m2e.jdt.JarLifecycleMapping lifecycle mapping for MavenProject: com.getOnefeildData:getOnefeildData:0.0.1-SNAPSHOT @ C:\Users\NTS-Megha Hirmukhe\Desktop\SPRING-BOOT\getOnefeildData\pom.xml.
2023-07-11 11:58:26,673 [Worker-18: Building] INFO  o.a.m.s.f.DefaultMavenResourcesFiltering - Copying 1 resource from src\main\resources to target\classes
2023-07-11 11:58:26,792 [Worker-18: Building] INFO  o.a.m.s.f.DefaultMavenResourcesFiltering - Copying 0 resource from src\main\resources to target\classes
2023-07-11 11:58:26,800 [Worker-18: Building] INFO  o.a.m.s.f.DefaultMavenResourcesFiltering - skip non existing resourceDirectory C:\Users\NTS-Megha Hirmukhe\Desktop\SPRING-BOOT\getOnefeildData\src\test\resources
2023-07-11 11:58:27,211 [Worker-21: Updating Maven Dependencies] INFO  o.e.m.c.i.l.LifecycleMappingFactory - Using org.eclipse.m2e.jdt.JarLifecycleMapping lifecycle mapping for MavenProject: com.user_DB:user-DB:0.0.1-SNAPSHOT @ C:\Users\NTS-Megha Hirmukhe\Desktop\SPRING-BOOT\user-DB\pom.xml.
2023-07-11 11:58:27,812 [Worker-18: Building] INFO  o.e.m.c.i.l.LifecycleMappingFactory - Using org.eclipse.m2e.jdt.JarLifecycleMapping lifecycle mapping for MavenProject: com.http_methods:http_methods:0.0.1-SNAPSHOT @ C:\Users\NTS-Megha Hirmukhe\Desktop\SPRING-BOOT\http_methods\pom.xml.
2023-07-11 11:58:28,962 [Worker-18: Building] INFO  o.a.m.s.f.DefaultMavenResourcesFiltering - Copying 1 resource from src\main\resources to target\classes
2023-07-11 11:58:28,989 [Worker-18: Building] INFO  o.a.m.s.f.DefaultMavenResourcesFiltering - Copying 0 resource from src\main\resources to target\classes
2023-07-11 11:58:28,995 [Worker-18: Building] INFO  o.a.m.s.f.DefaultMavenResourcesFiltering - skip non existing resourceDirectory C:\Users\NTS-Megha Hirmukhe\Desktop\SPRING-BOOT\http_methods\src\test\resources
2023-07-11 11:58:30,642 [Worker-17: Updating Maven Dependencies] INFO  o.e.m.c.i.l.LifecycleMappingFactory - Using org.eclipse.m2e.jdt.JarLifecycleMapping lifecycle mapping for MavenProject: com.user_DB:user-DB:0.0.1-SNAPSHOT @ C:\Users\NTS-Megha Hirmukhe\Desktop\SPRING-BOOT\user-DB\pom.xml.
2023-07-11 11:58:30,944 [Worker-24: Building] INFO  o.e.m.c.i.l.LifecycleMappingFactory - Using org.eclipse.m2e.jdt.JarLifecycleMapping lifecycle mapping for MavenProject: com.user_DB:user-DB:0.0.1-SNAPSHOT @ C:\Users\NTS-Megha Hirmukhe\Desktop\SPRING-BOOT\user-DB\pom.xml.
2023-07-11 11:58:32,701 [Worker-24: Building] INFO  o.e.m.c.i.embedder.EclipseLogger - Using 'UTF-8' encoding to copy filtered resources.
2023-07-11 11:58:32,702 [Worker-24: Building] INFO  o.e.m.c.i.embedder.EclipseLogger - Using 'UTF-8' encoding to copy filtered properties files.
2023-07-11 11:58:32,703 [Worker-24: Building] INFO  o.e.m.c.i.embedder.EclipseLogger - Copying 1 resource
2023-07-11 11:58:32,735 [Worker-24: Building] INFO  o.e.m.c.i.embedder.EclipseLogger - Copying 0 resource
2023-07-11 11:58:32,743 [Worker-24: Building] INFO  o.e.m.c.i.embedder.EclipseLogger - Using 'UTF-8' encoding to copy filtered resources.
2023-07-11 11:58:32,743 [Worker-24: Building] INFO  o.e.m.c.i.embedder.EclipseLogger - Using 'UTF-8' encoding to copy filtered properties files.
2023-07-11 11:58:32,744 [Worker-24: Building] INFO  o.e.m.c.i.embedder.EclipseLogger - skip non existing resourceDirectory C:\Users\NTS-Megha Hirmukhe\Desktop\SPRING-BOOT\user-DB\src\test\resources
2023-07-11 11:58:34,082 [Worker-20: Building] INFO  o.e.m.c.i.l.LifecycleMappingFactory - Using org.eclipse.m2e.jdt.JarLifecycleMapping lifecycle mapping for MavenProject: com.user_DB1:user-DB1:0.0.1-SNAPSHOT @ C:\Users\NTS-Megha Hirmukhe\Desktop\SPRING-BOOT\user-DB1\pom.xml.
2023-07-11 11:58:35,456 [Worker-20: Building] INFO  o.a.m.s.f.DefaultMavenResourcesFiltering - Copying 1 resource from src\main\resources to target\classes
2023-07-11 11:58:35,490 [Worker-20: Building] INFO  o.a.m.s.f.DefaultMavenResourcesFiltering - Copying 0 resource from src\main\resources to target\classes
2023-07-11 11:58:35,499 [Worker-20: Building] INFO  o.a.m.s.f.DefaultMavenResourcesFiltering - skip non existing resourceDirectory C:\Users\NTS-Megha Hirmukhe\Desktop\SPRING-BOOT\user-DB1\src\test\resources
2023-07-11 11:58:36,316 [Worker-22: Updating Maven Dependencies] INFO  o.e.m.c.i.l.LifecycleMappingFactory - Using org.eclipse.m2e.jdt.JarLifecycleMapping lifecycle mapping for MavenProject: com.user_DB:user-DB:0.0.1-SNAPSHOT @ C:\Users\NTS-Megha Hirmukhe\Desktop\SPRING-BOOT\user-DB\pom.xml.
