2023-07-10 18:12:40,792 [Worker-6: Loading available Gradle versions] INFO  o.e.b.c.i.u.g.PublishedGradleVersions - Gradle version information cache is up-to-date. Trying to read.
2023-07-10 18:13:29,638 [Worker-15: Building] INFO  o.e.m.c.i.l.LifecycleMappingFactory - Using org.eclipse.m2e.jdt.JarLifecycleMapping lifecycle mapping for MavenProject: com.Bank:Bank:0.0.1-SNAPSHOT @ C:\Users\NTS-Megha Hirmukhe\Desktop\SPRING-BOOT\Bank\pom.xml.
2023-07-10 18:13:32,417 [Worker-15: Building] INFO  o.a.m.s.f.DefaultMavenResourcesFiltering - Copying 1 resource from src\main\resources to target\classes
2023-07-10 18:13:32,488 [Worker-15: Building] INFO  o.a.m.s.f.DefaultMavenResourcesFiltering - Copying 0 resource from src\main\resources to target\classes
2023-07-10 18:13:32,498 [Worker-15: Building] INFO  o.a.m.s.f.DefaultMavenResourcesFiltering - skip non existing resourceDirectory C:\Users\NTS-Megha Hirmukhe\Desktop\SPRING-BOOT\Bank\src\test\resources
2023-07-10 18:13:34,146 [Worker-25: Building] INFO  o.e.m.c.i.l.LifecycleMappingFactory - Using org.eclipse.m2e.jdt.JarLifecycleMapping lifecycle mapping for MavenProject: com.DB_Security-1:DB_Security-1:0.0.1-SNAPSHOT @ C:\Users\NTS-Megha Hirmukhe\Desktop\SPRING-BOOT\DB_Security-1\pom.xml.
2023-07-10 18:13:35,593 [Worker-25: Building] INFO  o.a.m.s.f.DefaultMavenResourcesFiltering - Copying 1 resource from src\main\resources to target\classes
2023-07-10 18:13:35,627 [Worker-25: Building] INFO  o.a.m.s.f.DefaultMavenResourcesFiltering - Copying 0 resource from src\main\resources to target\classes
2023-07-10 18:13:35,635 [Worker-25: Building] INFO  o.a.m.s.f.DefaultMavenResourcesFiltering - skip non existing resourceDirectory C:\Users\NTS-Megha Hirmukhe\Desktop\SPRING-BOOT\DB_Security-1\src\test\resources
2023-07-10 18:13:37,367 [Worker-1: Building] INFO  o.e.m.c.i.l.LifecycleMappingFactory - Using org.eclipse.m2e.jdt.JarLifecycleMapping lifecycle mapping for MavenProject: com.DB_Security-3:DB_Security-3:0.0.1-SNAPSHOT @ C:\Users\NTS-Megha Hirmukhe\Desktop\SPRING-BOOT\DB_Security-3\pom.xml.
2023-07-10 18:13:38,529 [Worker-1: Building] INFO  o.a.m.s.f.DefaultMavenResourcesFiltering - Copying 1 resource from src\main\resources to target\classes
2023-07-10 18:13:38,569 [Worker-1: Building] INFO  o.a.m.s.f.DefaultMavenResourcesFiltering - Copying 0 resource from src\main\resources to target\classes
2023-07-10 18:13:38,577 [Worker-1: Building] INFO  o.a.m.s.f.DefaultMavenResourcesFiltering - skip non existing resourceDirectory C:\Users\NTS-Megha Hirmukhe\Desktop\SPRING-BOOT\DB_Security-3\src\test\resources
2023-07-10 18:13:41,355 [Worker-1: Building] INFO  o.e.m.c.i.l.LifecycleMappingFactory - Using org.eclipse.m2e.jdt.JarLifecycleMapping lifecycle mapping for MavenProject: com.DB_security:DB_security:0.0.1-SNAPSHOT @ C:\Users\NTS-Megha Hirmukhe\Desktop\SPRING-BOOT\DB_security\pom.xml.
2023-07-10 18:13:44,832 [Worker-1: Building] INFO  o.e.m.c.i.embedder.EclipseLogger - Using 'UTF-8' encoding to copy filtered resources.
2023-07-10 18:13:44,832 [Worker-1: Building] INFO  o.e.m.c.i.embedder.EclipseLogger - Using 'UTF-8' encoding to copy filtered properties files.
2023-07-10 18:13:44,832 [Worker-1: Building] INFO  o.e.m.c.i.embedder.EclipseLogger - Copying 1 resource
2023-07-10 18:13:44,853 [Worker-1: Building] INFO  o.e.m.c.i.embedder.EclipseLogger - Copying 0 resource
2023-07-10 18:13:44,860 [Worker-1: Building] INFO  o.e.m.c.i.embedder.EclipseLogger - Using 'UTF-8' encoding to copy filtered resources.
2023-07-10 18:13:44,861 [Worker-1: Building] INFO  o.e.m.c.i.embedder.EclipseLogger - Using 'UTF-8' encoding to copy filtered properties files.
2023-07-10 18:13:44,861 [Worker-1: Building] INFO  o.e.m.c.i.embedder.EclipseLogger - skip non existing resourceDirectory C:\Users\NTS-Megha Hirmukhe\Desktop\SPRING-BOOT\DB_security\src\test\resources
2023-07-10 18:13:46,611 [Worker-17: Building] INFO  o.e.m.c.i.l.LifecycleMappingFactory - Using org.eclipse.m2e.jdt.JarLifecycleMapping lifecycle mapping for MavenProject: com.bankProject:bankProject:0.0.1-SNAPSHOT @ C:\Users\NTS-Megha Hirmukhe\Desktop\SPRING-BOOT\bankProject\pom.xml.
2023-07-10 18:13:48,137 [Worker-17: Building] INFO  o.a.m.s.f.DefaultMavenResourcesFiltering - Copying 1 resource from src\main\resources to target\classes
2023-07-10 18:13:48,183 [Worker-17: Building] INFO  o.a.m.s.f.DefaultMavenResourcesFiltering - Copying 0 resource from src\main\resources to target\classes
2023-07-10 18:13:48,195 [Worker-17: Building] INFO  o.a.m.s.f.DefaultMavenResourcesFiltering - skip non existing resourceDirectory C:\Users\NTS-Megha Hirmukhe\Desktop\SPRING-BOOT\bankProject\src\test\resources
2023-07-10 18:13:49,047 [Worker-17: Building] INFO  o.e.m.c.i.l.LifecycleMappingFactory - Using org.eclipse.m2e.jdt.JarLifecycleMapping lifecycle mapping for MavenProject: com.bank_project:bank_project:0.0.1-SNAPSHOT @ C:\Users\NTS-Megha Hirmukhe\Desktop\SPRING-BOOT\bank_project\pom.xml.
2023-07-10 18:13:50,348 [Worker-17: Building] INFO  o.a.m.s.f.DefaultMavenResourcesFiltering - Copying 1 resource from src\main\resources to target\classes
2023-07-10 18:13:50,403 [Worker-17: Building] INFO  o.a.m.s.f.DefaultMavenResourcesFiltering - Copying 0 resource from src\main\resources to target\classes
2023-07-10 18:13:50,412 [Worker-17: Building] INFO  o.a.m.s.f.DefaultMavenResourcesFiltering - skip non existing resourceDirectory C:\Users\NTS-Megha Hirmukhe\Desktop\SPRING-BOOT\bank_project\src\test\resources
2023-07-10 18:13:51,255 [Worker-17: Building] INFO  o.e.m.c.i.l.LifecycleMappingFactory - Using org.eclipse.m2e.jdt.JarLifecycleMapping lifecycle mapping for MavenProject: com.exceptionHandling1Way:exceptionHandling1Way:0.0.1-SNAPSHOT @ C:\Users\NTS-Megha Hirmukhe\Desktop\SPRING-BOOT\exceptionHandling1Way\pom.xml.
2023-07-10 18:13:52,518 [Worker-17: Building] INFO  o.a.m.s.f.DefaultMavenResourcesFiltering - Copying 1 resource from src\main\resources to target\classes
2023-07-10 18:13:52,553 [Worker-17: Building] INFO  o.a.m.s.f.DefaultMavenResourcesFiltering - Copying 0 resource from src\main\resources to target\classes
2023-07-10 18:13:52,559 [Worker-17: Building] INFO  o.a.m.s.f.DefaultMavenResourcesFiltering - skip non existing resourceDirectory C:\Users\NTS-Megha Hirmukhe\Desktop\SPRING-BOOT\exceptionHandling1Way\src\test\resources
2023-07-10 18:13:53,293 [Worker-17: Building] INFO  o.e.m.c.i.l.LifecycleMappingFactory - Using org.eclipse.m2e.jdt.JarLifecycleMapping lifecycle mapping for MavenProject: com.exceptionHandling2Way:exceptionHandling1Way-2:0.0.1-SNAPSHOT @ C:\Users\NTS-Megha Hirmukhe\Desktop\SPRING-BOOT\exceptionHandling1Way-2\pom.xml.
2023-07-10 18:13:54,483 [Worker-17: Building] INFO  o.a.m.s.f.DefaultMavenResourcesFiltering - Copying 1 resource from src\main\resources to target\classes
2023-07-10 18:13:54,531 [Worker-17: Building] INFO  o.a.m.s.f.DefaultMavenResourcesFiltering - Copying 0 resource from src\main\resources to target\classes
2023-07-10 18:13:54,540 [Worker-17: Building] INFO  o.a.m.s.f.DefaultMavenResourcesFiltering - skip non existing resourceDirectory C:\Users\NTS-Megha Hirmukhe\Desktop\SPRING-BOOT\exceptionHandling1Way-2\src\test\resources
2023-07-10 18:13:55,664 [Worker-17: Building] INFO  o.e.m.c.i.l.LifecycleMappingFactory - Using org.eclipse.m2e.jdt.JarLifecycleMapping lifecycle mapping for MavenProject: com.exceptionHandling2Way:exceptionHandling1Way2:0.0.1-SNAPSHOT @ C:\Users\NTS-Megha Hirmukhe\Desktop\SPRING-BOOT\exceptionHandling1Way2\pom.xml.
2023-07-10 18:13:56,800 [Worker-17: Building] INFO  o.a.m.s.f.DefaultMavenResourcesFiltering - Copying 1 resource from src\main\resources to target\classes
2023-07-10 18:13:56,849 [Worker-17: Building] INFO  o.a.m.s.f.DefaultMavenResourcesFiltering - Copying 0 resource from src\main\resources to target\classes
2023-07-10 18:13:56,856 [Worker-17: Building] INFO  o.a.m.s.f.DefaultMavenResourcesFiltering - skip non existing resourceDirectory C:\Users\NTS-Megha Hirmukhe\Desktop\SPRING-BOOT\exceptionHandling1Way2\src\test\resources
2023-07-10 18:13:58,121 [Worker-17: Building] INFO  o.e.m.c.i.l.LifecycleMappingFactory - Using org.eclipse.m2e.jdt.JarLifecycleMapping lifecycle mapping for MavenProject: com.findByMethods:findByMethods:0.0.1-SNAPSHOT @ C:\Users\NTS-Megha Hirmukhe\Desktop\SPRING-BOOT\findByMethods\pom.xml.
2023-07-10 18:13:59,351 [Worker-17: Building] INFO  o.a.m.s.f.DefaultMavenResourcesFiltering - Copying 1 resource from src\main\resources to target\classes
2023-07-10 18:13:59,413 [Worker-17: Building] INFO  o.a.m.s.f.DefaultMavenResourcesFiltering - Copying 0 resource from src\main\resources to target\classes
2023-07-10 18:13:59,421 [Worker-17: Building] INFO  o.a.m.s.f.DefaultMavenResourcesFiltering - skip non existing resourceDirectory C:\Users\NTS-Megha Hirmukhe\Desktop\SPRING-BOOT\findByMethods\src\test\resources
2023-07-10 18:14:00,260 [Worker-17: Building] INFO  o.e.m.c.i.l.LifecycleMappingFactory - Using org.eclipse.m2e.jdt.JarLifecycleMapping lifecycle mapping for MavenProject: com.getOnefeildData:getOnefeildData:0.0.1-SNAPSHOT @ C:\Users\NTS-Megha Hirmukhe\Desktop\SPRING-BOOT\getOnefeildData\pom.xml.
2023-07-10 18:14:01,534 [Worker-17: Building] INFO  o.a.m.s.f.DefaultMavenResourcesFiltering - Copying 1 resource from src\main\resources to target\classes
2023-07-10 18:14:01,595 [Worker-17: Building] INFO  o.a.m.s.f.DefaultMavenResourcesFiltering - Copying 0 resource from src\main\resources to target\classes
2023-07-10 18:14:01,602 [Worker-17: Building] INFO  o.a.m.s.f.DefaultMavenResourcesFiltering - skip non existing resourceDirectory C:\Users\NTS-Megha Hirmukhe\Desktop\SPRING-BOOT\getOnefeildData\src\test\resources
2023-07-10 18:14:02,197 [Worker-17: Building] INFO  o.e.m.c.i.l.LifecycleMappingFactory - Using org.eclipse.m2e.jdt.JarLifecycleMapping lifecycle mapping for MavenProject: com.http_methods:http_methods:0.0.1-SNAPSHOT @ C:\Users\NTS-Megha Hirmukhe\Desktop\SPRING-BOOT\http_methods\pom.xml.
2023-07-10 18:14:03,394 [Worker-17: Building] INFO  o.a.m.s.f.DefaultMavenResourcesFiltering - Copying 1 resource from src\main\resources to target\classes
2023-07-10 18:14:03,433 [Worker-17: Building] INFO  o.a.m.s.f.DefaultMavenResourcesFiltering - Copying 0 resource from src\main\resources to target\classes
2023-07-10 18:14:03,440 [Worker-17: Building] INFO  o.a.m.s.f.DefaultMavenResourcesFiltering - skip non existing resourceDirectory C:\Users\NTS-Megha Hirmukhe\Desktop\SPRING-BOOT\http_methods\src\test\resources
2023-07-10 18:14:04,009 [Worker-17: Building] INFO  o.e.m.c.i.l.LifecycleMappingFactory - Using org.eclipse.m2e.jdt.JarLifecycleMapping lifecycle mapping for MavenProject: com.spring_security-6:spring_security-6:0.0.1-SNAPSHOT @ C:\Users\NTS-Megha Hirmukhe\Desktop\SPRING-BOOT\spring_security-6\pom.xml.
2023-07-10 18:14:04,230 [Worker-17: Building] WARN  o.e.m.c.i.embedder.EclipseLogger - The POM for com.spring_security1:spring_security1:jar:0.0.1-SNAPSHOT is missing, no dependency information available
2023-07-10 18:14:05,136 [Worker-17: Building] INFO  o.a.m.s.f.DefaultMavenResourcesFiltering - Copying 1 resource from src\main\resources to target\classes
2023-07-10 18:14:05,246 [Worker-17: Building] INFO  o.a.m.s.f.DefaultMavenResourcesFiltering - Copying 0 resource from src\main\resources to target\classes
2023-07-10 18:14:05,253 [Worker-17: Building] INFO  o.a.m.s.f.DefaultMavenResourcesFiltering - skip non existing resourceDirectory C:\Users\NTS-Megha Hirmukhe\Desktop\SPRING-BOOT\spring_security-6\src\test\resources
2023-07-10 18:14:05,816 [Worker-17: Building] INFO  o.e.m.c.i.l.LifecycleMappingFactory - Using org.eclipse.m2e.jdt.JarLifecycleMapping lifecycle mapping for MavenProject: com.spring_security1:spring_security1:0.0.1-SNAPSHOT @ C:\Users\NTS-Megha Hirmukhe\Desktop\SPRING-BOOT\spring_security1\pom.xml.
2023-07-10 18:14:06,003 [Worker-16: Download sources and javadoc] ERROR o.e.m.j.internal.DownloadSourcesJob - Could not download sources for com.spring_security1:spring_security1:0.0.1-SNAPSHOT
org.eclipse.core.runtime.CoreException: Could not resolve artifact com.spring_security1:spring_security1:jar:sources:0.0.1-SNAPSHOT
	at org.eclipse.m2e.core.internal.embedder.MavenImpl.lambda$6(MavenImpl.java:584)
	at org.eclipse.m2e.core.internal.embedder.MavenExecutionContext.executeBare(MavenExecutionContext.java:394)
	at org.eclipse.m2e.core.internal.embedder.MavenExecutionContext.execute(MavenExecutionContext.java:228)
	at org.eclipse.m2e.core.internal.embedder.MavenExecutionContext.execute(MavenExecutionContext.java:214)
	at org.eclipse.m2e.core.internal.embedder.MavenImpl.resolve(MavenImpl.java:553)
	at org.eclipse.m2e.core.internal.embedder.MavenImpl.resolve(MavenImpl.java:538)
	at org.eclipse.m2e.jdt.internal.DownloadSourcesJob.download(DownloadSourcesJob.java:308)
	at org.eclipse.m2e.jdt.internal.DownloadSourcesJob.downloadAttachments(DownloadSourcesJob.java:282)
	at org.eclipse.m2e.jdt.internal.DownloadSourcesJob.downloadMaven(DownloadSourcesJob.java:252)
	at org.eclipse.m2e.jdt.internal.DownloadSourcesJob.downloadFilesAndPopulateToUpdate(DownloadSourcesJob.java:220)
	at org.eclipse.m2e.jdt.internal.DownloadSourcesJob.lambda$0(DownloadSourcesJob.java:149)
	at org.eclipse.m2e.core.internal.embedder.MavenExecutionContext.executeBare(MavenExecutionContext.java:394)
	at org.eclipse.m2e.core.internal.embedder.MavenExecutionContext.execute(MavenExecutionContext.java:275)
	at org.eclipse.m2e.core.internal.embedder.MavenExecutionContext.execute(MavenExecutionContext.java:214)
	at org.eclipse.m2e.core.embedder.IMaven.execute(IMaven.java:294)
	at org.eclipse.m2e.jdt.internal.DownloadSourcesJob.run(DownloadSourcesJob.java:149)
	at org.eclipse.core.internal.jobs.Worker.run(Worker.java:63)
2023-07-10 18:14:06,389 [Worker-17: Building] INFO  o.e.m.c.i.l.LifecycleMappingFactory - Using org.eclipse.m2e.jdt.JarLifecycleMapping lifecycle mapping for MavenProject: com.spring_security-6:spring_security-6:0.0.1-SNAPSHOT @ C:\Users\NTS-Megha Hirmukhe\Desktop\SPRING-BOOT\spring_security-6\pom.xml.
2023-07-10 18:14:06,516 [Worker-17: Building] INFO  o.e.m.c.i.p.WorkspaceClassifierResolverManager - Resolving P/spring_security1: com.spring_security1:spring_security1:0.0.1-SNAPSHOT with classifier  to /spring_security1/target/classes
2023-07-10 18:14:08,169 [Worker-17: Building] INFO  o.a.m.s.f.DefaultMavenResourcesFiltering - Copying 1 resource from src\main\resources to target\classes
2023-07-10 18:14:08,205 [Worker-17: Building] INFO  o.a.m.s.f.DefaultMavenResourcesFiltering - Copying 0 resource from src\main\resources to target\classes
2023-07-10 18:14:08,212 [Worker-17: Building] INFO  o.a.m.s.f.DefaultMavenResourcesFiltering - skip non existing resourceDirectory C:\Users\NTS-Megha Hirmukhe\Desktop\SPRING-BOOT\spring_security1\src\test\resources
2023-07-10 18:14:08,877 [Worker-17: Building] INFO  o.e.m.c.i.l.LifecycleMappingFactory - Using org.eclipse.m2e.jdt.JarLifecycleMapping lifecycle mapping for MavenProject: com.spring_security2:spring_security2:0.0.1-SNAPSHOT @ C:\Users\NTS-Megha Hirmukhe\Desktop\SPRING-BOOT\spring_security2\pom.xml.
2023-07-10 18:14:09,927 [Worker-17: Building] INFO  o.a.m.s.f.DefaultMavenResourcesFiltering - Copying 1 resource from src\main\resources to target\classes
2023-07-10 18:14:09,952 [Worker-17: Building] INFO  o.a.m.s.f.DefaultMavenResourcesFiltering - Copying 0 resource from src\main\resources to target\classes
2023-07-10 18:14:09,958 [Worker-17: Building] INFO  o.a.m.s.f.DefaultMavenResourcesFiltering - skip non existing resourceDirectory C:\Users\NTS-Megha Hirmukhe\Desktop\SPRING-BOOT\spring_security2\src\test\resources
2023-07-10 18:14:10,479 [Worker-17: Building] INFO  o.e.m.c.i.l.LifecycleMappingFactory - Using org.eclipse.m2e.jdt.JarLifecycleMapping lifecycle mapping for MavenProject: com.spring_security3_3user:spring_security3_3user:0.0.1-SNAPSHOT @ C:\Users\NTS-Megha Hirmukhe\Desktop\SPRING-BOOT\spring_security3_3user\pom.xml.
2023-07-10 18:14:11,511 [Worker-17: Building] INFO  o.a.m.s.f.DefaultMavenResourcesFiltering - Copying 1 resource from src\main\resources to target\classes
2023-07-10 18:14:11,539 [Worker-17: Building] INFO  o.a.m.s.f.DefaultMavenResourcesFiltering - Copying 0 resource from src\main\resources to target\classes
2023-07-10 18:14:11,546 [Worker-17: Building] INFO  o.a.m.s.f.DefaultMavenResourcesFiltering - skip non existing resourceDirectory C:\Users\NTS-Megha Hirmukhe\Desktop\SPRING-BOOT\spring_security3_3user\src\test\resources
2023-07-10 18:14:12,055 [Worker-17: Building] INFO  o.e.m.c.i.l.LifecycleMappingFactory - Using org.eclipse.m2e.jdt.JarLifecycleMapping lifecycle mapping for MavenProject: com.spring_security3user:spring_security3user:0.0.1-SNAPSHOT @ C:\Users\NTS-Megha Hirmukhe\Desktop\SPRING-BOOT\spring_security3user\pom.xml.
2023-07-10 18:14:13,200 [Worker-17: Building] INFO  o.a.m.s.f.DefaultMavenResourcesFiltering - Copying 1 resource from src\main\resources to target\classes
2023-07-10 18:14:13,328 [Worker-17: Building] INFO  o.a.m.s.f.DefaultMavenResourcesFiltering - Copying 0 resource from src\main\resources to target\classes
2023-07-10 18:14:13,335 [Worker-17: Building] INFO  o.a.m.s.f.DefaultMavenResourcesFiltering - skip non existing resourceDirectory C:\Users\NTS-Megha Hirmukhe\Desktop\SPRING-BOOT\spring_security3user\src\test\resources
2023-07-10 18:14:13,877 [Worker-17: Building] INFO  o.e.m.c.i.l.LifecycleMappingFactory - Using org.eclipse.m2e.jdt.JarLifecycleMapping lifecycle mapping for MavenProject: com.spring_security3user:spring_security4:0.0.1-SNAPSHOT @ C:\Users\NTS-Megha Hirmukhe\Desktop\SPRING-BOOT\spring_security4\pom.xml.
2023-07-10 18:14:15,019 [Worker-17: Building] INFO  o.a.m.s.f.DefaultMavenResourcesFiltering - Copying 1 resource from src\main\resources to target\classes
2023-07-10 18:14:15,060 [Worker-17: Building] INFO  o.a.m.s.f.DefaultMavenResourcesFiltering - Copying 0 resource from src\main\resources to target\classes
2023-07-10 18:14:15,067 [Worker-17: Building] INFO  o.a.m.s.f.DefaultMavenResourcesFiltering - skip non existing resourceDirectory C:\Users\NTS-Megha Hirmukhe\Desktop\SPRING-BOOT\spring_security4\src\test\resources
2023-07-10 18:14:15,620 [Worker-17: Building] INFO  o.e.m.c.i.l.LifecycleMappingFactory - Using org.eclipse.m2e.jdt.JarLifecycleMapping lifecycle mapping for MavenProject: com.spring_security5:spring_security5:0.0.1-SNAPSHOT @ C:\Users\NTS-Megha Hirmukhe\Desktop\SPRING-BOOT\spring_security5\pom.xml.
2023-07-10 18:14:16,655 [Worker-17: Building] INFO  o.a.m.s.f.DefaultMavenResourcesFiltering - Copying 1 resource from src\main\resources to target\classes
2023-07-10 18:14:16,680 [Worker-17: Building] INFO  o.a.m.s.f.DefaultMavenResourcesFiltering - Copying 0 resource from src\main\resources to target\classes
2023-07-10 18:14:16,685 [Worker-17: Building] INFO  o.a.m.s.f.DefaultMavenResourcesFiltering - skip non existing resourceDirectory C:\Users\NTS-Megha Hirmukhe\Desktop\SPRING-BOOT\spring_security5\src\test\resources
2023-07-10 18:14:17,141 [Worker-17: Building] INFO  o.e.m.c.i.l.LifecycleMappingFactory - Using org.eclipse.m2e.jdt.JarLifecycleMapping lifecycle mapping for MavenProject: com.spring_security6:spring_security6:0.0.1-SNAPSHOT @ C:\Users\NTS-Megha Hirmukhe\Desktop\SPRING-BOOT\spring_security6\pom.xml.
2023-07-10 18:14:18,047 [Worker-17: Building] INFO  o.a.m.s.f.DefaultMavenResourcesFiltering - Copying 1 resource from src\main\resources to target\classes
2023-07-10 18:14:18,078 [Worker-17: Building] INFO  o.a.m.s.f.DefaultMavenResourcesFiltering - Copying 0 resource from src\main\resources to target\classes
2023-07-10 18:14:18,085 [Worker-17: Building] INFO  o.a.m.s.f.DefaultMavenResourcesFiltering - skip non existing resourceDirectory C:\Users\NTS-Megha Hirmukhe\Desktop\SPRING-BOOT\spring_security6\src\test\resources
2023-07-10 18:14:18,595 [Worker-17: Building] INFO  o.e.m.c.i.l.LifecycleMappingFactory - Using org.eclipse.m2e.jdt.JarLifecycleMapping lifecycle mapping for MavenProject: com.user_DB:user-DB:0.0.1-SNAPSHOT @ C:\Users\NTS-Megha Hirmukhe\Desktop\SPRING-BOOT\user-DB\pom.xml.
2023-07-10 18:14:19,915 [Worker-17: Building] INFO  o.e.m.c.i.embedder.EclipseLogger - Using 'UTF-8' encoding to copy filtered resources.
2023-07-10 18:14:19,915 [Worker-17: Building] INFO  o.e.m.c.i.embedder.EclipseLogger - Using 'UTF-8' encoding to copy filtered properties files.
2023-07-10 18:14:19,916 [Worker-17: Building] INFO  o.e.m.c.i.embedder.EclipseLogger - Copying 1 resource
2023-07-10 18:14:20,003 [Worker-17: Building] INFO  o.e.m.c.i.embedder.EclipseLogger - Copying 0 resource
2023-07-10 18:14:20,009 [Worker-17: Building] INFO  o.e.m.c.i.embedder.EclipseLogger - Using 'UTF-8' encoding to copy filtered resources.
2023-07-10 18:14:20,009 [Worker-17: Building] INFO  o.e.m.c.i.embedder.EclipseLogger - Using 'UTF-8' encoding to copy filtered properties files.
2023-07-10 18:14:20,010 [Worker-17: Building] INFO  o.e.m.c.i.embedder.EclipseLogger - skip non existing resourceDirectory C:\Users\NTS-Megha Hirmukhe\Desktop\SPRING-BOOT\user-DB\src\test\resources
2023-07-10 18:14:20,534 [Worker-17: Building] INFO  o.e.m.c.i.l.LifecycleMappingFactory - Using org.eclipse.m2e.jdt.JarLifecycleMapping lifecycle mapping for MavenProject: com.user_DB1:user-DB1:0.0.1-SNAPSHOT @ C:\Users\NTS-Megha Hirmukhe\Desktop\SPRING-BOOT\user-DB1\pom.xml.
2023-07-10 18:14:21,697 [Worker-17: Building] INFO  o.a.m.s.f.DefaultMavenResourcesFiltering - Copying 1 resource from src\main\resources to target\classes
2023-07-10 18:14:21,728 [Worker-17: Building] INFO  o.a.m.s.f.DefaultMavenResourcesFiltering - Copying 0 resource from src\main\resources to target\classes
2023-07-10 18:14:21,733 [Worker-17: Building] INFO  o.a.m.s.f.DefaultMavenResourcesFiltering - skip non existing resourceDirectory C:\Users\NTS-Megha Hirmukhe\Desktop\SPRING-BOOT\user-DB1\src\test\resources
2023-07-10 18:17:45,122 [Worker-2: Loading available Gradle versions] INFO  o.e.b.c.i.u.g.PublishedGradleVersions - Gradle version information cache is up-to-date. Trying to read.
2023-07-11 11:59:46,677 [Worker-5: Loading available Gradle versions] INFO  o.e.b.c.i.u.g.PublishedGradleVersions - Gradle version information cache is up-to-date. Trying to read.
2023-07-11 11:59:55,787 [Worker-7: Building] INFO  o.e.m.c.i.l.LifecycleMappingFactory - Using org.eclipse.m2e.jdt.JarLifecycleMapping lifecycle mapping for MavenProject: com.DB_Security-3:DB_Security-3:0.0.1-SNAPSHOT @ C:\Users\NTS-Megha Hirmukhe\Desktop\SPRING-BOOT\DB_Security-3\pom.xml.
2023-07-11 11:59:58,127 [Worker-7: Building] INFO  o.a.m.s.f.DefaultMavenResourcesFiltering - Copying 1 resource from src\main\resources to target\classes
2023-07-11 11:59:58,173 [Worker-7: Building] INFO  o.a.m.s.f.DefaultMavenResourcesFiltering - Copying 0 resource from src\main\resources to target\classes
2023-07-11 11:59:58,182 [Worker-7: Building] INFO  o.a.m.s.f.DefaultMavenResourcesFiltering - skip non existing resourceDirectory C:\Users\NTS-Megha Hirmukhe\Desktop\SPRING-BOOT\DB_Security-3\src\test\resources
2023-07-11 12:00:01,631 [Worker-7: Building] INFO  o.e.m.c.i.l.LifecycleMappingFactory - Using org.eclipse.m2e.jdt.JarLifecycleMapping lifecycle mapping for MavenProject: com.bankProject:bankProject:0.0.1-SNAPSHOT @ C:\Users\NTS-Megha Hirmukhe\Desktop\SPRING-BOOT\bankProject\pom.xml.
2023-07-11 12:00:06,317 [Worker-7: Building] INFO  o.e.m.c.i.l.LifecycleMappingFactory - Using org.eclipse.m2e.jdt.JarLifecycleMapping lifecycle mapping for MavenProject: com.exceptionHandling1Way:exceptionHandling1Way:0.0.1-SNAPSHOT @ C:\Users\NTS-Megha Hirmukhe\Desktop\SPRING-BOOT\exceptionHandling1Way\pom.xml.
2023-07-11 12:00:08,557 [Worker-7: Building] INFO  o.e.m.c.i.l.LifecycleMappingFactory - Using org.eclipse.m2e.jdt.JarLifecycleMapping lifecycle mapping for MavenProject: com.exceptionHandling2Way:exceptionHandling1Way-2:0.0.1-SNAPSHOT @ C:\Users\NTS-Megha Hirmukhe\Desktop\SPRING-BOOT\exceptionHandling1Way-2\pom.xml.
2023-07-11 12:00:11,953 [Worker-17: Updating Maven Dependencies] INFO  o.e.m.c.i.p.r.ProjectRegistryRefreshJob - org.eclipse.m2e.core.internal.project.registry.ProjectRegistryRefreshJob was canceled
2023-07-11 12:00:33,772 [Worker-1: Loading available Gradle versions] INFO  o.e.b.c.i.u.g.PublishedGradleVersions - Gradle version information cache is up-to-date. Trying to read.
